<?xml version="1.0" encoding="UTF-8"?>
<!-- Generated by org.testng.reporters.JUnitXMLReporter -->
<testsuite hostname="VIJAYLPTP3" failures="3" tests="5" name="Test" time="23.629" errors="0" timestamp="19 Feb 2023 01:13:36 GMT">
  <testcase classname="my.fb.tests.SignUpPageTests" name="alertDialogTest" time="10.045">
    <failure type="org.openqa.selenium.NoSuchElementException" message="no such element: Unable to locate element: {&amp;quot;method&amp;quot;:&amp;quot;xpath&amp;quot;,&amp;quot;selector&amp;quot;:&amp;quot;//*[@id=&amp;quot;u_0_8_Za&amp;quot;]/button&amp;quot;}
  (Session info: chrome=110.0.5481.104)
For documentation on this error, please visit: https://selenium.dev/exceptions/#no_such_element
Build info: version: &amp;apos;4.7.2&amp;apos;, revision: &amp;apos;4d4020c3b7&amp;apos;
System info: os.name: &amp;apos;Windows 11&amp;apos;, os.arch: &amp;apos;amd64&amp;apos;, os.version: &amp;apos;10.0&amp;apos;, java.version: &amp;apos;17.0.5&amp;apos;
Driver info: org.openqa.selenium.chrome.ChromeDriver
Command: [87ea6bf77736ecff8fb2934dd5ab156b, findElement {using=xpath, value=//*[@id=&amp;quot;u_0_8_Za&amp;quot;]/button}]
Capabilities {acceptInsecureCerts: false, browserName: chrome, browserVersion: 110.0.5481.104, chrome: {chromedriverVersion: 109.0.5414.74 (e7c5703604da..., userDataDir: C:\Users\vijaypar\AppData\L...}, goog:chromeOptions: {debuggerAddress: localhost:64523}, networkConnectionEnabled: false, pageLoadStrategy: normal, platformName: WINDOWS, proxy: Proxy(), se:cdp: ws://localhost:64523/devtoo..., se:cdpVersion: 110.0.5481.104, setWindowRect: true, strictFileInteractability: false, timeouts: {implicit: 0, pageLoad: 300000, script: 30000}, unhandledPromptBehavior: dismiss and notify, webauthn:extension:credBlob: true, webauthn:extension:largeBlob: true, webauthn:virtualAuthenticators: true}
Session ID: 87ea6bf77736ecff8fb2934dd5ab156b">
      <![CDATA[org.openqa.selenium.NoSuchElementException: no such element: Unable to locate element: {"method":"xpath","selector":"//*[@id="u_0_8_Za"]/button"}
  (Session info: chrome=110.0.5481.104)
For documentation on this error, please visit: https://selenium.dev/exceptions/#no_such_element
Build info: version: '4.7.2', revision: '4d4020c3b7'
System info: os.name: 'Windows 11', os.arch: 'amd64', os.version: '10.0', java.version: '17.0.5'
Driver info: org.openqa.selenium.chrome.ChromeDriver
Command: [87ea6bf77736ecff8fb2934dd5ab156b, findElement {using=xpath, value=//*[@id="u_0_8_Za"]/button}]
Capabilities {acceptInsecureCerts: false, browserName: chrome, browserVersion: 110.0.5481.104, chrome: {chromedriverVersion: 109.0.5414.74 (e7c5703604da..., userDataDir: C:\Users\vijaypar\AppData\L...}, goog:chromeOptions: {debuggerAddress: localhost:64523}, networkConnectionEnabled: false, pageLoadStrategy: normal, platformName: WINDOWS, proxy: Proxy(), se:cdp: ws://localhost:64523/devtoo..., se:cdpVersion: 110.0.5481.104, setWindowRect: true, strictFileInteractability: false, timeouts: {implicit: 0, pageLoad: 300000, script: 30000}, unhandledPromptBehavior: dismiss and notify, webauthn:extension:credBlob: true, webauthn:extension:largeBlob: true, webauthn:virtualAuthenticators: true}
Session ID: 87ea6bf77736ecff8fb2934dd5ab156b
	at org.openqa.selenium.remote.codec.w3c.W3CHttpResponseCodec.createException(W3CHttpResponseCodec.java:200)
	at org.openqa.selenium.remote.codec.w3c.W3CHttpResponseCodec.decode(W3CHttpResponseCodec.java:133)
	at org.openqa.selenium.remote.codec.w3c.W3CHttpResponseCodec.decode(W3CHttpResponseCodec.java:53)
	at org.openqa.selenium.remote.HttpCommandExecutor.execute(HttpCommandExecutor.java:184)
	at org.openqa.selenium.remote.service.DriverCommandExecutor.invokeExecute(DriverCommandExecutor.java:167)
	at org.openqa.selenium.remote.service.DriverCommandExecutor.execute(DriverCommandExecutor.java:142)
	at org.openqa.selenium.remote.RemoteWebDriver.execute(RemoteWebDriver.java:535)
	at org.openqa.selenium.remote.ElementLocation$ElementFinder$2.findElement(ElementLocation.java:162)
	at org.openqa.selenium.remote.ElementLocation.findElement(ElementLocation.java:60)
	at org.openqa.selenium.remote.RemoteWebDriver.findElement(RemoteWebDriver.java:351)
	at org.openqa.selenium.remote.RemoteWebDriver.findElement(RemoteWebDriver.java:343)
	at my.fb.pages.FileUpDownLoadAlertsPopUpsPage.handleAlertDialog(FileUpDownLoadAlertsPopUpsPage.java:76)
	at my.fb.tests.SignUpPageTests.alertDialogTest(SignUpPageTests.java:87)
... Removed 29 stack frames]]>
    </failure>
  </testcase> <!-- alertDialogTest -->
  <testcase classname="my.fb.tests.SignUpPageTests" name="fileDownloadTest" time="0.434">
    <failure type="java.lang.NullPointerException" message="Cannot invoke &amp;quot;java.io.OutputStream.close()&amp;quot; because &amp;quot;output&amp;quot; is null">
      <![CDATA[java.lang.NullPointerException: Cannot invoke "java.io.OutputStream.close()" because "output" is null
	at my.fb.pages.FileUpDownLoadAlertsPopUpsPage.fileDownload(FileUpDownLoadAlertsPopUpsPage.java:68)
	at my.fb.tests.SignUpPageTests.fileDownloadTest(SignUpPageTests.java:81)
... Removed 24 stack frames]]>
    </failure>
  </testcase> <!-- fileDownloadTest -->
  <testcase classname="my.fb.tests.SignUpPageTests" name="fileUploadTest" time="0.001">
    <failure type="java.lang.NullPointerException" message="Cannot invoke &amp;quot;org.testng.log4testng.Logger.info(Object)&amp;quot; because &amp;quot;this.LOGGER&amp;quot; is null">
      <![CDATA[java.lang.NullPointerException: Cannot invoke "org.testng.log4testng.Logger.info(Object)" because "this.LOGGER" is null
	at my.fb.pages.FileUpDownLoadAlertsPopUpsPage.fileupload(FileUpDownLoadAlertsPopUpsPage.java:32)
	at my.fb.tests.SignUpPageTests.fileUploadTest(SignUpPageTests.java:74)
... Removed 24 stack frames]]>
    </failure>
  </testcase> <!-- fileUploadTest -->
  <testcase classname="my.fb.tests.SignUpPageTests" name="signinTest" time="2.228"/>
  <testcase classname="my.fb.tests.SignUpPageTests" name="signupTest" time="1.237"/>
</testsuite> <!-- Test -->
